<?xml version="1.0" encoding="UTF-8"?>
<robot generator="Robot 3.1.2 (Python 3.7.1 on win32)" generated="20191210 10:48:26.399" rpa="false">
<suite id="s1" name="Suite" source="C:\Workspace\robot_parallel_testing\suite.robot">
<test id="s1-t1" name="test1">
<kw name="Log" library="BuiltIn">
<doc>Logs the given message with the given level.</doc>
<arguments>
<arg>Do something with the values (for example access host with username and password)</arg>
</arguments>
<msg timestamp="20191210 10:48:26.430" level="INFO">Do something with the values (for example access host with username and password)</msg>
<status status="PASS" starttime="20191210 10:48:26.429" endtime="20191210 10:48:26.430"></status>
</kw>
<status status="PASS" starttime="20191210 10:48:26.429" endtime="20191210 10:48:26.430" critical="yes"></status>
</test>
<test id="s1-t2" name="test12">
<kw name="Log" library="BuiltIn">
<doc>Logs the given message with the given level.</doc>
<arguments>
<arg>After value set release others can obtain the variable values</arg>
</arguments>
<msg timestamp="20191210 10:48:26.431" level="INFO">After value set release others can obtain the variable values</msg>
<status status="PASS" starttime="20191210 10:48:26.430" endtime="20191210 10:48:26.431"></status>
</kw>
<status status="PASS" starttime="20191210 10:48:26.430" endtime="20191210 10:48:26.431" critical="yes"></status>
</test>
<status status="PASS" starttime="20191210 10:48:26.401" endtime="20191210 10:48:26.431"></status>
</suite>
<statistics>
<total>
<stat pass="2" fail="0">Critical Tests</stat>
<stat pass="2" fail="0">All Tests</stat>
</total>
<tag>
</tag>
<suite>
<stat pass="2" fail="0" id="s1" name="Suite">Suite</stat>
</suite>
</statistics>
<errors>
</errors>
</robot>
